C51 COMPILER V9.54   MAIN                                                                  09/08/2019 16:21:09 PAGE 1   


C51 COMPILER V9.54, COMPILATION OF MODULE MAIN
OBJECT MODULE PLACED IN main.OBJ
COMPILER INVOKED BY: C:\Keil_v5\C51\BIN\C51.EXE main.c OPTIMIZE(8,SPEED) BROWSE INCDIR(.\SRC) DEBUG OBJECTEXTEND TABS(2)

line level    source

   1          #include "REG51.h"
   2          #include "oled.h"
   3          #include "bmp.h"
   4          
   5           int main(void)
   6           {  u8 t;
   7   1            OLED_Init();      //初始化OLED  
   8   1          OLED_Clear()    ; 
   9   1        
  10   1          t=' ';
  11   1          OLED_ShowCHinese(0,0,0);//中
  12   1          OLED_ShowCHinese(18,0,1);//景
  13   1          OLED_ShowCHinese(36,0,2);//园
  14   1          OLED_ShowCHinese(54,0,3);//电
  15   1          OLED_ShowCHinese(72,0,4);//子
  16   1          OLED_ShowCHinese(90,0,5);//科
  17   1          OLED_ShowCHinese(108,0,6);//技
  18   1          OLED_Clear();
  19   1          OLED_ShowCHinese(0,0,0);//中
  20   1          OLED_ShowCHinese(18,0,1);//景
  21   1          OLED_ShowCHinese(36,0,2);//园
  22   1          OLED_ShowCHinese(54,0,3);//电
  23   1          OLED_ShowCHinese(72,0,4);//子
  24   1          OLED_ShowCHinese(90,0,5);//科
  25   1          OLED_ShowCHinese(108,0,6);//技
  26   1          OLED_ShowString(6,3,"0.96' OLED TEST",16);
  27   1          //OLED_ShowString(8,2,"ZHONGJINGYUAN");  
  28   1         // OLED_ShowString(20,4,"2014/05/01");  
  29   1          OLED_ShowString(0,6,"ASCII:",16);  
  30   1          OLED_ShowString(63,6,"CODE:",16); 
  31   1      OLED_ShowChar(48,6,t,16);//显示ASCII字符      
  32   1        while(1) 
  33   1        {        
  34   2          t++;
  35   2          if(t>'~')t=' ';
  36   2        LED6=0; //发光二极管
  37   2          OLED_ShowNum(103,6,t,3,16);//显示ASCII字符的码值  
  38   2            delay_ms(20);
  39   2            LED6=1;
  40   2            delay_ms(20);
  41   2      
  42   2        }   
  43   1        
  44   1      }
  45            


MODULE INFORMATION:   STATIC OVERLAYABLE
   CODE SIZE        =    244    ----
   CONSTANT SIZE    =   2077    ----
   XDATA SIZE       =   ----    ----
   PDATA SIZE       =   ----    ----
   DATA SIZE        =   ----       1
   IDATA SIZE       =   ----    ----
   BIT SIZE         =   ----    ----
C51 COMPILER V9.54   MAIN                                                                  09/08/2019 16:21:09 PAGE 2   

END OF MODULE INFORMATION.


C51 COMPILATION COMPLETE.  0 WARNING(S),  0 ERROR(S)
